<?xml version="1.0" encoding="UTF-8"?>
<!-- Generated by org.testng.reporters.JUnitReportReporter -->
<testsuite hostname="CORPLPW000052" failures="0" tests="14" name="com.athma.qa.testcases.NewRegistrationTest" time="278.337" errors="1" timestamp="2022-01-11T09:05:00 IST" skipped="4">
  <testcase classname="com.athma.qa.testcases.NewRegistrationTest" name="multipleregisterpatientTest" time="31.606"/>
  <system-out/>
  <testcase classname="com.athma.qa.testcases.NewRegistrationTest" name="multipleregisterpatientTest" time="39.652"/>
  <system-out/>
  <testcase classname="com.athma.qa.testcases.NewRegistrationTest" name="multipleregisterpatientTest" time="35.364"/>
  <system-out/>
  <testcase classname="com.athma.qa.testcases.NewRegistrationTest" name="multipleregisterpatientTest" time="22.119"/>
  <system-out/>
  <testcase classname="com.athma.qa.testcases.NewRegistrationTest" name="multipleregisterpatientTest" time="25.028"/>
  <system-out/>
  <testcase classname="com.athma.qa.testcases.NewRegistrationTest" name="multipleregisterpatientTest" time="33.314"/>
  <system-out/>
  <testcase classname="com.athma.qa.testcases.NewRegistrationTest" name="multipleregisterpatientTest" time="27.987"/>
  <system-out/>
  <testcase classname="com.athma.qa.testcases.NewRegistrationTest" name="multipleregisterpatientTest" time="23.658"/>
  <system-out/>
  <testcase classname="com.athma.qa.testcases.NewRegistrationTest" name="multipleregisterpatientTest" time="26.243"/>
  <system-out/>
  <testcase classname="com.athma.qa.testcases.NewRegistrationTest" name="multipleregisterpatientTest" time="0.000">
    <skipped/>
  </testcase> <!-- multipleregisterpatientTest -->
  <system-out/>
  <testcase classname="com.athma.qa.testcases.NewRegistrationTest" name="setup" time="13.366">
    <error message="element click intercepted: Element &lt;a class=&quot;sb-subitems-link&quot; href=&quot;https://sqa.narayanahealth.org:7076/patient-registration&quot; ng-reflect-ng-class=&quot;[object Object]&quot;&gt;...&lt;/a&gt; is not clickable at point (135, 24). Other element would receive the click: &lt;span&gt;...&lt;/span&gt;
  (Session info: chrome=97.0.4692.71)
Build info: version: &#039;3.141.59&#039;, revision: &#039;e82be7d358&#039;, time: &#039;2018-11-14T08:17:03&#039;
System info: host: &#039;CORPLPW000052&#039;, ip: &#039;10.120.1.132&#039;, os.name: &#039;Windows 10&#039;, os.arch: &#039;amd64&#039;, os.version: &#039;10.0&#039;, java.version: &#039;16.0.2&#039;
Driver info: org.openqa.selenium.chrome.ChromeDriver
Capabilities {acceptInsecureCerts: false, browserName: chrome, browserVersion: 97.0.4692.71, chrome: {chromedriverVersion: 96.0.4664.45 (76e4c1bb2ab46..., userDataDir: C:\Users\339154\AppData\Loc...}, goog:chromeOptions: {debuggerAddress: localhost:56830}, javascriptEnabled: true, networkConnectionEnabled: false, pageLoadStrategy: normal, platform: WINDOWS, platformName: WINDOWS, proxy: Proxy(), setWindowRect: true, strictFileInteractability: false, timeouts: {implicit: 0, pageLoad: 300000, script: 30000}, unhandledPromptBehavior: dismiss and notify, webauthn:extension:credBlob: true, webauthn:extension:largeBlob: true, webauthn:virtualAuthenticators: true}
Session ID: bc228226f71a63787547acce0d2975c6" type="org.openqa.selenium.ElementClickInterceptedException">
      <![CDATA[org.openqa.selenium.ElementClickInterceptedException: element click intercepted: Element <a class="sb-subitems-link" href="https://sqa.narayanahealth.org:7076/patient-registration" ng-reflect-ng-class="[object Object]">...</a> is not clickable at point (135, 24). Other element would receive the click: <span>...</span>
  (Session info: chrome=97.0.4692.71)
Build info: version: '3.141.59', revision: 'e82be7d358', time: '2018-11-14T08:17:03'
System info: host: 'CORPLPW000052', ip: '10.120.1.132', os.name: 'Windows 10', os.arch: 'amd64', os.version: '10.0', java.version: '16.0.2'
Driver info: org.openqa.selenium.chrome.ChromeDriver
Capabilities {acceptInsecureCerts: false, browserName: chrome, browserVersion: 97.0.4692.71, chrome: {chromedriverVersion: 96.0.4664.45 (76e4c1bb2ab46..., userDataDir: C:\Users\339154\AppData\Loc...}, goog:chromeOptions: {debuggerAddress: localhost:56830}, javascriptEnabled: true, networkConnectionEnabled: false, pageLoadStrategy: normal, platform: WINDOWS, platformName: WINDOWS, proxy: Proxy(), setWindowRect: true, strictFileInteractability: false, timeouts: {implicit: 0, pageLoad: 300000, script: 30000}, unhandledPromptBehavior: dismiss and notify, webauthn:extension:credBlob: true, webauthn:extension:largeBlob: true, webauthn:virtualAuthenticators: true}
Session ID: bc228226f71a63787547acce0d2975c6
at java.base/jdk.internal.reflect.NativeConstructorAccessorImpl.newInstance0(Native Method)
at java.base/jdk.internal.reflect.NativeConstructorAccessorImpl.newInstance(NativeConstructorAccessorImpl.java:78)
at java.base/jdk.internal.reflect.DelegatingConstructorAccessorImpl.newInstance(DelegatingConstructorAccessorImpl.java:45)
at java.base/java.lang.reflect.Constructor.newInstanceWithCaller(Constructor.java:499)
at java.base/java.lang.reflect.Constructor.newInstance(Constructor.java:480)
at org.openqa.selenium.remote.http.W3CHttpResponseCodec.createException(W3CHttpResponseCodec.java:187)
at org.openqa.selenium.remote.http.W3CHttpResponseCodec.decode(W3CHttpResponseCodec.java:122)
at org.openqa.selenium.remote.http.W3CHttpResponseCodec.decode(W3CHttpResponseCodec.java:49)
at org.openqa.selenium.remote.HttpCommandExecutor.execute(HttpCommandExecutor.java:158)
at org.openqa.selenium.remote.service.DriverCommandExecutor.execute(DriverCommandExecutor.java:83)
at org.openqa.selenium.remote.RemoteWebDriver.execute(RemoteWebDriver.java:552)
at org.openqa.selenium.remote.RemoteWebElement.execute(RemoteWebElement.java:285)
at org.openqa.selenium.remote.RemoteWebElement.click(RemoteWebElement.java:84)
at jdk.internal.reflect.GeneratedMethodAccessor7.invoke(Unknown Source)
at java.base/jdk.internal.reflect.DelegatingMethodAccessorImpl.invoke(DelegatingMethodAccessorImpl.java:43)
at java.base/java.lang.reflect.Method.invoke(Method.java:567)
at org.openqa.selenium.support.pagefactory.internal.LocatingElementHandler.invoke(LocatingElementHandler.java:51)
at jdk.proxy2/jdk.proxy2.$Proxy14.click(Unknown Source)
at com.athma.qa.pages.HomePage.clickonPatientregistrationsubmenu(HomePage.java:50)
at com.athma.qa.testcases.NewRegistrationTest.setup(NewRegistrationTest.java:46)
at java.base/jdk.internal.reflect.NativeMethodAccessorImpl.invoke0(Native Method)
at java.base/jdk.internal.reflect.NativeMethodAccessorImpl.invoke(NativeMethodAccessorImpl.java:78)
at java.base/jdk.internal.reflect.DelegatingMethodAccessorImpl.invoke(DelegatingMethodAccessorImpl.java:43)
at java.base/java.lang.reflect.Method.invoke(Method.java:567)
at org.testng.internal.MethodInvocationHelper.invokeMethod(MethodInvocationHelper.java:133)
at org.testng.internal.MethodInvocationHelper.invokeMethodConsideringTimeout(MethodInvocationHelper.java:62)
at org.testng.internal.ConfigInvoker.invokeConfigurationMethod(ConfigInvoker.java:385)
at org.testng.internal.ConfigInvoker.invokeConfigurations(ConfigInvoker.java:321)
at org.testng.internal.TestInvoker.runConfigMethods(TestInvoker.java:700)
at org.testng.internal.TestInvoker.invokeMethod(TestInvoker.java:527)
at org.testng.internal.TestInvoker.invokeTestMethod(TestInvoker.java:173)
at org.testng.internal.MethodRunner.runInSequence(MethodRunner.java:46)
at org.testng.internal.TestInvoker$MethodInvocationAgent.invoke(TestInvoker.java:824)
at org.testng.internal.TestInvoker.invokeTestMethods(TestInvoker.java:146)
at org.testng.internal.TestMethodWorker.invokeTestMethods(TestMethodWorker.java:146)
at org.testng.internal.TestMethodWorker.run(TestMethodWorker.java:128)
at java.base/java.util.ArrayList.forEach(ArrayList.java:1511)
at org.testng.TestRunner.privateRun(TestRunner.java:794)
at org.testng.TestRunner.run(TestRunner.java:596)
at org.testng.SuiteRunner.runTest(SuiteRunner.java:377)
at org.testng.SuiteRunner.runSequentially(SuiteRunner.java:371)
at org.testng.SuiteRunner.privateRun(SuiteRunner.java:332)
at org.testng.SuiteRunner.run(SuiteRunner.java:276)
at org.testng.SuiteRunnerWorker.runSuite(SuiteRunnerWorker.java:53)
at org.testng.SuiteRunnerWorker.run(SuiteRunnerWorker.java:96)
at org.testng.TestNG.runSuitesSequentially(TestNG.java:1212)
at org.testng.TestNG.runSuitesLocally(TestNG.java:1134)
at org.testng.TestNG.runSuites(TestNG.java:1063)
at org.testng.TestNG.run(TestNG.java:1031)
at org.testng.remote.AbstractRemoteTestNG.run(AbstractRemoteTestNG.java:115)
at org.testng.remote.RemoteTestNG.initAndRun(RemoteTestNG.java:251)
at org.testng.remote.RemoteTestNG.main(RemoteTestNG.java:77)
]]>
    </error>
  </testcase> <!-- setup -->
  <system-out/>
  <testcase classname="com.athma.qa.testcases.NewRegistrationTest" name="singleregisterpatientTest">
    <skipped/>
  </testcase> <!-- singleregisterpatientTest -->
  <system-out/>
  <testcase classname="com.athma.qa.testcases.NewRegistrationTest" name="newregistrationTitletets">
    <skipped/>
  </testcase> <!-- newregistrationTitletets -->
  <system-out/>
  <testcase classname="com.athma.qa.testcases.NewRegistrationTest" name="printprefix">
    <skipped/>
  </testcase> <!-- printprefix -->
  <system-out/>
</testsuite> <!-- com.athma.qa.testcases.NewRegistrationTest -->
