<?xml version="1.0" encoding="UTF-8"?>
<!-- Generated by org.testng.reporters.JUnitXMLReporter -->
<testsuite ignored="3" hostname="CORPLPW000052" failures="0" tests="10" name="AthmaTest" time="279.147" errors="0" timestamp="2022-01-11T09:05:00 IST">
  <testcase classname="com.athma.qa.testcases.NewRegistrationTest" name="@BeforeMethod setup" time="13.366">
    <failure type="org.openqa.selenium.ElementClickInterceptedException" message="element click intercepted: Element &amp;lt;a class=&amp;quot;sb-subitems-link&amp;quot; href=&amp;quot;https://sqa.narayanahealth.org:7076/patient-registration&amp;quot; ng-reflect-ng-class=&amp;quot;[object Object]&amp;quot;&amp;gt;...&amp;lt;/a&amp;gt; is not clickable at point (135, 24). Other element would receive the click: &amp;lt;span&amp;gt;...&amp;lt;/span&amp;gt;
  (Session info: chrome=97.0.4692.71)
Build info: version: &amp;apos;3.141.59&amp;apos;, revision: &amp;apos;e82be7d358&amp;apos;, time: &amp;apos;2018-11-14T08:17:03&amp;apos;
System info: host: &amp;apos;CORPLPW000052&amp;apos;, ip: &amp;apos;10.120.1.132&amp;apos;, os.name: &amp;apos;Windows 10&amp;apos;, os.arch: &amp;apos;amd64&amp;apos;, os.version: &amp;apos;10.0&amp;apos;, java.version: &amp;apos;16.0.2&amp;apos;
Driver info: org.openqa.selenium.chrome.ChromeDriver
Capabilities {acceptInsecureCerts: false, browserName: chrome, browserVersion: 97.0.4692.71, chrome: {chromedriverVersion: 96.0.4664.45 (76e4c1bb2ab46..., userDataDir: C:\Users\339154\AppData\Loc...}, goog:chromeOptions: {debuggerAddress: localhost:56830}, javascriptEnabled: true, networkConnectionEnabled: false, pageLoadStrategy: normal, platform: WINDOWS, platformName: WINDOWS, proxy: Proxy(), setWindowRect: true, strictFileInteractability: false, timeouts: {implicit: 0, pageLoad: 300000, script: 30000}, unhandledPromptBehavior: dismiss and notify, webauthn:extension:credBlob: true, webauthn:extension:largeBlob: true, webauthn:virtualAuthenticators: true}
Session ID: bc228226f71a63787547acce0d2975c6">
      <![CDATA[org.openqa.selenium.ElementClickInterceptedException: element click intercepted: Element <a class="sb-subitems-link" href="https://sqa.narayanahealth.org:7076/patient-registration" ng-reflect-ng-class="[object Object]">...</a> is not clickable at point (135, 24). Other element would receive the click: <span>...</span>
  (Session info: chrome=97.0.4692.71)
Build info: version: '3.141.59', revision: 'e82be7d358', time: '2018-11-14T08:17:03'
System info: host: 'CORPLPW000052', ip: '10.120.1.132', os.name: 'Windows 10', os.arch: 'amd64', os.version: '10.0', java.version: '16.0.2'
Driver info: org.openqa.selenium.chrome.ChromeDriver
Capabilities {acceptInsecureCerts: false, browserName: chrome, browserVersion: 97.0.4692.71, chrome: {chromedriverVersion: 96.0.4664.45 (76e4c1bb2ab46..., userDataDir: C:\Users\339154\AppData\Loc...}, goog:chromeOptions: {debuggerAddress: localhost:56830}, javascriptEnabled: true, networkConnectionEnabled: false, pageLoadStrategy: normal, platform: WINDOWS, platformName: WINDOWS, proxy: Proxy(), setWindowRect: true, strictFileInteractability: false, timeouts: {implicit: 0, pageLoad: 300000, script: 30000}, unhandledPromptBehavior: dismiss and notify, webauthn:extension:credBlob: true, webauthn:extension:largeBlob: true, webauthn:virtualAuthenticators: true}
Session ID: bc228226f71a63787547acce0d2975c6
at org.openqa.selenium.remote.http.W3CHttpResponseCodec.createException(W3CHttpResponseCodec.java:187)
at org.openqa.selenium.remote.http.W3CHttpResponseCodec.decode(W3CHttpResponseCodec.java:122)
at org.openqa.selenium.remote.http.W3CHttpResponseCodec.decode(W3CHttpResponseCodec.java:49)
at org.openqa.selenium.remote.HttpCommandExecutor.execute(HttpCommandExecutor.java:158)
at org.openqa.selenium.remote.service.DriverCommandExecutor.execute(DriverCommandExecutor.java:83)
at org.openqa.selenium.remote.RemoteWebDriver.execute(RemoteWebDriver.java:552)
at org.openqa.selenium.remote.RemoteWebElement.execute(RemoteWebElement.java:285)
at org.openqa.selenium.remote.RemoteWebElement.click(RemoteWebElement.java:84)
at org.openqa.selenium.support.pagefactory.internal.LocatingElementHandler.invoke(LocatingElementHandler.java:51)
at jdk.proxy2/jdk.proxy2.$Proxy14.click(Unknown Source)
at com.athma.qa.pages.HomePage.clickonPatientregistrationsubmenu(HomePage.java:50)
at com.athma.qa.testcases.NewRegistrationTest.setup(NewRegistrationTest.java:46)
at java.base/java.util.ArrayList.forEach(ArrayList.java:1511)
... Removed 39 stack frames]]>
    </failure>
  </testcase> <!-- @BeforeMethod setup -->
  <testcase classname="com.athma.qa.testcases.NewRegistrationTest" name="@AfterMethod teardown" time="-1.641872100592E9">
    <skipped/>
  </testcase> <!-- @AfterMethod teardown -->
  <testcase classname="com.athma.qa.testcases.NewRegistrationTest" name="multipleregisterpatientTest" time="18.497"/>
  <testcase classname="com.athma.qa.testcases.NewRegistrationTest" name="multipleregisterpatientTest" time="9.052"/>
  <testcase classname="com.athma.qa.testcases.NewRegistrationTest" name="multipleregisterpatientTest" time="8.672"/>
  <testcase classname="com.athma.qa.testcases.NewRegistrationTest" name="multipleregisterpatientTest" time="8.458"/>
  <testcase classname="com.athma.qa.testcases.NewRegistrationTest" name="multipleregisterpatientTest" time="8.1"/>
  <testcase classname="com.athma.qa.testcases.NewRegistrationTest" name="multipleregisterpatientTest" time="8.814"/>
  <testcase classname="com.athma.qa.testcases.NewRegistrationTest" name="multipleregisterpatientTest" time="10.525"/>
  <testcase classname="com.athma.qa.testcases.NewRegistrationTest" name="multipleregisterpatientTest" time="8.167"/>
  <testcase classname="com.athma.qa.testcases.NewRegistrationTest" name="multipleregisterpatientTest" time="8.504"/>
  <testcase classname="com.athma.qa.testcases.NewRegistrationTest" name="multipleregisterpatientTest" time="0.0">
    <skipped/>
  </testcase> <!-- multipleregisterpatientTest -->
  <testcase classname="com.athma.qa.testcases.NewRegistrationTest" name="singleregisterpatientTest" time="0.0">
    <ignored/>
  </testcase> <!-- singleregisterpatientTest -->
  <testcase classname="com.athma.qa.testcases.NewRegistrationTest" name="newregistrationTitletets" time="0.0">
    <ignored/>
  </testcase> <!-- newregistrationTitletets -->
  <testcase classname="com.athma.qa.testcases.NewRegistrationTest" name="printprefix" time="0.0">
    <ignored/>
  </testcase> <!-- printprefix -->
</testsuite> <!-- AthmaTest -->
